[debug] [2022-12-28T13:11:39.479Z] ----------------------------------------------------------------------
[debug] [2022-12-28T13:11:39.481Z] Command:       C:\Program Files\nodejs\node.exe C:\Users\GANESHGURU A\AppData\Roaming\npm\node_modules\firebase-tools\lib\bin\firebase.js init
[debug] [2022-12-28T13:11:39.481Z] CLI Version:   11.19.0
[debug] [2022-12-28T13:11:39.481Z] Platform:      win32
[debug] [2022-12-28T13:11:39.481Z] Node Version:  v16.15.0
[debug] [2022-12-28T13:11:39.482Z] Time:          Wed Dec 28 2022 18:41:39 GMT+0530 (India Standard Time)
[debug] [2022-12-28T13:11:39.482Z] ----------------------------------------------------------------------
[debug] 
[debug] [2022-12-28T13:11:39.489Z] > command requires scopes: ["email","openid","https://www.googleapis.com/auth/cloudplatformprojects.readonly","https://www.googleapis.com/auth/firebase","https://www.googleapis.com/auth/cloud-platform"]
[debug] [2022-12-28T13:11:39.489Z] > authorizing via signed-in user (ganeshguru8681@gmail.com)
[info] 
     ######## #### ########  ######## ########     ###     ######  ########
     ##        ##  ##     ## ##       ##     ##  ##   ##  ##       ##
     ######    ##  ########  ######   ########  #########  ######  ######
     ##        ##  ##    ##  ##       ##     ## ##     ##       ## ##
     ##       #### ##     ## ######## ########  ##     ##  ######  ########

You're about to initialize a Firebase project in this directory:

  D:\Ganesh's D disc\Mine\Products\Hoisting\NotesApp\server

[info] 
=== Project Setup
[info] 
[info] First, let's associate this project directory with a Firebase project.
[info] You can create multiple project aliases by running firebase use --add, 
[info] but for now we'll just set up a default project.
[info] 
[info] i  If you want to create a project in a Google Cloud organization or folder, please use "firebase projects:create" instead, and return to this command when you've created the project. 
[debug] [2022-12-28T13:12:59.518Z] ----------------------------------------------------------------------
[debug] [2022-12-28T13:12:59.519Z] Command:       C:\Program Files\nodejs\node.exe C:\Users\GANESHGURU A\AppData\Roaming\npm\node_modules\firebase-tools\lib\bin\firebase.js init
[debug] [2022-12-28T13:12:59.520Z] CLI Version:   11.19.0
[debug] [2022-12-28T13:12:59.520Z] Platform:      win32
[debug] [2022-12-28T13:12:59.520Z] Node Version:  v16.15.0
[debug] [2022-12-28T13:12:59.521Z] Time:          Wed Dec 28 2022 18:42:59 GMT+0530 (India Standard Time)
[debug] [2022-12-28T13:12:59.521Z] ----------------------------------------------------------------------
[debug] 
[debug] [2022-12-28T13:12:59.527Z] > command requires scopes: ["email","openid","https://www.googleapis.com/auth/cloudplatformprojects.readonly","https://www.googleapis.com/auth/firebase","https://www.googleapis.com/auth/cloud-platform"]
[debug] [2022-12-28T13:12:59.527Z] > authorizing via signed-in user (ganeshguru8681@gmail.com)
[info] 
     ######## #### ########  ######## ########     ###     ######  ########
     ##        ##  ##     ## ##       ##     ##  ##   ##  ##       ##
     ######    ##  ########  ######   ########  #########  ######  ######
     ##        ##  ##    ##  ##       ##     ## ##     ##       ## ##
     ##       #### ##     ## ######## ########  ##     ##  ######  ########

You're about to initialize a Firebase project in this directory:

  D:\Ganesh's D disc\Mine\Products\Hoisting\NotesApp\server

[info] 
=== Project Setup
[info] 
[info] First, let's associate this project directory with a Firebase project.
[info] You can create multiple project aliases by running firebase use --add, 
[info] but for now we'll just set up a default project.
[info] 
[debug] [2022-12-28T13:13:09.335Z] >>> [apiv2][query] GET https://firebase.googleapis.com/v1beta1/projects pageSize=100
[debug] [2022-12-28T13:13:10.336Z] <<< [apiv2][status] GET https://firebase.googleapis.com/v1beta1/projects 200
[debug] [2022-12-28T13:13:10.336Z] <<< [apiv2][body] GET https://firebase.googleapis.com/v1beta1/projects [omitted]
[info] i  Using project devclustserver (DevClustserver) 
[info] 
=== Hosting Setup
[info] 
[info] Your public directory is the folder (relative to your project directory) that
[info] will contain Hosting assets to be uploaded with firebase deploy. If you
[info] have a build process for your assets, use your build's output directory.
[info] 
